This is pdfTeX, Version 3.14159265-2.6-1.40.16 (TeX Live 2015/Debian) (preloaded format=pdflatex 2018.3.6)  30 MAR 2018 23:53
entering extended mode
 restricted \write18 enabled.
 %&-line parsing enabled.
**bare_conf1.tex
(./bare_conf1.tex
LaTeX2e <2016/02/01>
Babel <3.9q> and hyphenation patterns for 81 language(s) loaded.
(./IEEEtran.cls
Document Class: IEEEtran 2015/08/26 V1.8b by Michael Shell
-- See the "IEEEtran_HOWTO" manual for usage information.
-- http://www.michaelshell.org/tex/ieeetran/
\@IEEEtrantmpdimenA=\dimen102
\@IEEEtrantmpdimenB=\dimen103
\@IEEEtrantmpdimenC=\dimen104
\@IEEEtrantmpcountA=\count79
\@IEEEtrantmpcountB=\count80
\@IEEEtrantmpcountC=\count81
\@IEEEtrantmptoksA=\toks14
LaTeX Font Info:    Try loading font information for OT1+ptm on input line 503.

(/usr/share/texlive/texmf-dist/tex/latex/psnfss/ot1ptm.fd
File: ot1ptm.fd 2001/06/04 font definitions for OT1/ptm.
)
-- Using 8.5in x 11in (letter) paper.
-- Using PDF output.
\@IEEEnormalsizeunitybaselineskip=\dimen105
-- This is a 10 point document.
\CLASSINFOnormalsizebaselineskip=\dimen106
\CLASSINFOnormalsizeunitybaselineskip=\dimen107
\IEEEnormaljot=\dimen108
LaTeX Font Info:    Font shape `OT1/ptm/bx/n' in size <5> not available
(Font)              Font shape `OT1/ptm/b/n' tried instead on input line 1090.
LaTeX Font Info:    Font shape `OT1/ptm/bx/it' in size <5> not available
(Font)              Font shape `OT1/ptm/b/it' tried instead on input line 1090.

LaTeX Font Info:    Font shape `OT1/ptm/bx/n' in size <7> not available
(Font)              Font shape `OT1/ptm/b/n' tried instead on input line 1090.
LaTeX Font Info:    Font shape `OT1/ptm/bx/it' in size <7> not available
(Font)              Font shape `OT1/ptm/b/it' tried instead on input line 1090.

LaTeX Font Info:    Font shape `OT1/ptm/bx/n' in size <8> not available
(Font)              Font shape `OT1/ptm/b/n' tried instead on input line 1090.
LaTeX Font Info:    Font shape `OT1/ptm/bx/it' in size <8> not available
(Font)              Font shape `OT1/ptm/b/it' tried instead on input line 1090.

LaTeX Font Info:    Font shape `OT1/ptm/bx/n' in size <9> not available
(Font)              Font shape `OT1/ptm/b/n' tried instead on input line 1090.
LaTeX Font Info:    Font shape `OT1/ptm/bx/it' in size <9> not available
(Font)              Font shape `OT1/ptm/b/it' tried instead on input line 1090.

LaTeX Font Info:    Font shape `OT1/ptm/bx/n' in size <10> not available
(Font)              Font shape `OT1/ptm/b/n' tried instead on input line 1090.
LaTeX Font Info:    Font shape `OT1/ptm/bx/it' in size <10> not available
(Font)              Font shape `OT1/ptm/b/it' tried instead on input line 1090.

LaTeX Font Info:    Font shape `OT1/ptm/bx/n' in size <11> not available
(Font)              Font shape `OT1/ptm/b/n' tried instead on input line 1090.
LaTeX Font Info:    Font shape `OT1/ptm/bx/it' in size <11> not available
(Font)              Font shape `OT1/ptm/b/it' tried instead on input line 1090.

LaTeX Font Info:    Font shape `OT1/ptm/bx/n' in size <12> not available
(Font)              Font shape `OT1/ptm/b/n' tried instead on input line 1090.
LaTeX Font Info:    Font shape `OT1/ptm/bx/it' in size <12> not available
(Font)              Font shape `OT1/ptm/b/it' tried instead on input line 1090.

LaTeX Font Info:    Font shape `OT1/ptm/bx/n' in size <17> not available
(Font)              Font shape `OT1/ptm/b/n' tried instead on input line 1090.
LaTeX Font Info:    Font shape `OT1/ptm/bx/it' in size <17> not available
(Font)              Font shape `OT1/ptm/b/it' tried instead on input line 1090.

LaTeX Font Info:    Font shape `OT1/ptm/bx/n' in size <20> not available
(Font)              Font shape `OT1/ptm/b/n' tried instead on input line 1090.
LaTeX Font Info:    Font shape `OT1/ptm/bx/it' in size <20> not available
(Font)              Font shape `OT1/ptm/b/it' tried instead on input line 1090.

LaTeX Font Info:    Font shape `OT1/ptm/bx/n' in size <24> not available
(Font)              Font shape `OT1/ptm/b/n' tried instead on input line 1090.
LaTeX Font Info:    Font shape `OT1/ptm/bx/it' in size <24> not available
(Font)              Font shape `OT1/ptm/b/it' tried instead on input line 1090.

\IEEEquantizedlength=\dimen109
\IEEEquantizedlengthdiff=\dimen110
\IEEEquantizedtextheightdiff=\dimen111
\IEEEilabelindentA=\dimen112
\IEEEilabelindentB=\dimen113
\IEEEilabelindent=\dimen114
\IEEEelabelindent=\dimen115
\IEEEdlabelindent=\dimen116
\IEEElabelindent=\dimen117
\IEEEiednormlabelsep=\dimen118
\IEEEiedmathlabelsep=\dimen119
\IEEEiedtopsep=\skip41
\c@section=\count82
\c@subsection=\count83
\c@subsubsection=\count84
\c@paragraph=\count85
\c@IEEEsubequation=\count86
\abovecaptionskip=\skip42
\belowcaptionskip=\skip43
\c@figure=\count87
\c@table=\count88
\@IEEEeqnnumcols=\count89
\@IEEEeqncolcnt=\count90
\@IEEEsubeqnnumrollback=\count91
\@IEEEquantizeheightA=\dimen120
\@IEEEquantizeheightB=\dimen121
\@IEEEquantizeheightC=\dimen122
\@IEEEquantizeprevdepth=\dimen123
\@IEEEquantizemultiple=\count92
\@IEEEquantizeboxA=\box26
\@IEEEtmpitemindent=\dimen124
\IEEEPARstartletwidth=\dimen125
\c@IEEEbiography=\count93
\@IEEEtranrubishbin=\box27
) (/usr/share/texlive/texmf-dist/tex/generic/oberdiek/ifpdf.sty
Package: ifpdf 2011/01/30 v2.3 Provides the ifpdf switch (HO)
Package ifpdf Info: pdfTeX in PDF mode is detected.
)
(/usr/share/texlive/texmf-dist/tex/latex/cite/cite.sty
LaTeX Info: Redefining \cite on input line 302.
LaTeX Info: Redefining \nocite on input line 332.
Package: cite 2015/02/27  v 5.5
)
(/usr/share/texlive/texmf-dist/tex/latex/url/url.sty
\Urlmuskip=\muskip10
Package: url 2013/09/16  ver 3.4  Verb mode for urls, etc.
)
(/usr/share/texlive/texmf-dist/tex/latex/natbib/natbib.sty
Package: natbib 2010/09/13 8.31b (PWD, AO)


Package natbib Warning: The `cite' package should not be used
(natbib)                with natbib. Use option `sort' instead.

\bibhang=\skip44
\bibsep=\skip45
LaTeX Info: Redefining \cite on input line 694.
LaTeX Info: Redefining \citenum on input line 708.
\c@NAT@ctr=\count94
) (/usr/share/texlive/texmf-dist/tex/latex/base/fontenc.sty
Package: fontenc 2005/09/27 v1.99g Standard LaTeX package

(/usr/share/texlive/texmf-dist/tex/latex/base/t1enc.def
File: t1enc.def 2005/09/27 v1.99g Standard LaTeX file
LaTeX Font Info:    Redeclaring font encoding T1 on input line 48.
)
LaTeX Font Info:    Try loading font information for T1+ptm on input line 105.

(/usr/share/texlive/texmf-dist/tex/latex/psnfss/t1ptm.fd
File: t1ptm.fd 2001/06/04 font definitions for T1/ptm.
))
(/usr/share/texlive/texmf-dist/tex/latex/graphics/graphicx.sty
Package: graphicx 2014/10/28 v1.0g Enhanced LaTeX Graphics (DPC,SPQR)

(/usr/share/texlive/texmf-dist/tex/latex/graphics/keyval.sty
Package: keyval 2014/10/28 v1.15 key=value parser (DPC)
\KV@toks@=\toks15
)
(/usr/share/texlive/texmf-dist/tex/latex/graphics/graphics.sty
Package: graphics 2016/01/03 v1.0q Standard LaTeX Graphics (DPC,SPQR)

(/usr/share/texlive/texmf-dist/tex/latex/graphics/trig.sty
Package: trig 2016/01/03 v1.10 sin cos tan (DPC)
)
(/usr/share/texlive/texmf-dist/tex/latex/latexconfig/graphics.cfg
File: graphics.cfg 2010/04/23 v1.9 graphics configuration of TeX Live
)
Package graphics Info: Driver file: pdftex.def on input line 95.

(/usr/share/texlive/texmf-dist/tex/latex/pdftex-def/pdftex.def
File: pdftex.def 2011/05/27 v0.06d Graphics/color for pdfTeX

(/usr/share/texlive/texmf-dist/tex/generic/oberdiek/infwarerr.sty
Package: infwarerr 2010/04/08 v1.3 Providing info/warning/error messages (HO)
)
(/usr/share/texlive/texmf-dist/tex/generic/oberdiek/ltxcmds.sty
Package: ltxcmds 2011/11/09 v1.22 LaTeX kernel commands for general use (HO)
)
\Gread@gobject=\count95
))
\Gin@req@height=\dimen126
\Gin@req@width=\dimen127
)
(/usr/share/texlive/texmf-dist/tex/latex/amsmath/amsmath.sty
Package: amsmath 2016/03/03 v2.15a AMS math features
\@mathmargin=\skip46

For additional information on amsmath, use the `?' option.
(/usr/share/texlive/texmf-dist/tex/latex/amsmath/amstext.sty
Package: amstext 2000/06/29 v2.01 AMS text

(/usr/share/texlive/texmf-dist/tex/latex/amsmath/amsgen.sty
File: amsgen.sty 1999/11/30 v2.0 generic functions
\@emptytoks=\toks16
\ex@=\dimen128
))
(/usr/share/texlive/texmf-dist/tex/latex/amsmath/amsbsy.sty
Package: amsbsy 1999/11/29 v1.2d Bold Symbols
\pmbraise@=\dimen129
)
(/usr/share/texlive/texmf-dist/tex/latex/amsmath/amsopn.sty
Package: amsopn 1999/12/14 v2.01 operator names
)
\inf@bad=\count96
LaTeX Info: Redefining \frac on input line 199.
\uproot@=\count97
\leftroot@=\count98
LaTeX Info: Redefining \overline on input line 297.
\classnum@=\count99
\DOTSCASE@=\count100
LaTeX Info: Redefining \ldots on input line 394.
LaTeX Info: Redefining \dots on input line 397.
LaTeX Info: Redefining \cdots on input line 518.
\Mathstrutbox@=\box28
\strutbox@=\box29
\big@size=\dimen130
LaTeX Font Info:    Redeclaring font encoding OML on input line 630.
LaTeX Font Info:    Redeclaring font encoding OMS on input line 631.
\macc@depth=\count101
\c@MaxMatrixCols=\count102
\dotsspace@=\muskip11
\c@parentequation=\count103
\dspbrk@lvl=\count104
\tag@help=\toks17
\row@=\count105
\column@=\count106
\maxfields@=\count107
\andhelp@=\toks18
\eqnshift@=\dimen131
\alignsep@=\dimen132
\tagshift@=\dimen133
\tagwidth@=\dimen134
\totwidth@=\dimen135
\lineht@=\dimen136
\@envbody=\toks19
\multlinegap=\skip47
\multlinetaggap=\skip48
\mathdisplay@stack=\toks20
LaTeX Info: Redefining \[ on input line 2735.
LaTeX Info: Redefining \] on input line 2736.
)
(/usr/share/texlive/texmf-dist/tex/latex/algorithms/algorithm.sty
Package: algorithm 2009/08/24 v0.1 Document Style `algorithm' - floating enviro
nment

(/usr/share/texlive/texmf-dist/tex/latex/float/float.sty
Package: float 2001/11/08 v1.3d Float enhancements (AL)
\c@float@type=\count108
\float@exts=\toks21
\float@box=\box30
\@float@everytoks=\toks22
\@floatcapt=\box31
)
(/usr/share/texlive/texmf-dist/tex/latex/base/ifthen.sty
Package: ifthen 2014/09/29 v1.1c Standard LaTeX ifthen package (DPC)
)
\@float@every@algorithm=\toks23
\c@algorithm=\count109
)
(/usr/share/texlive/texmf-dist/tex/latex/algorithms/algorithmic.sty
Package: algorithmic 2009/08/24 v0.1 Document Style `algorithmic'
\c@ALC@unique=\count110
\c@ALC@line=\count111
\c@ALC@rem=\count112
\c@ALC@depth=\count113
\ALC@tlm=\skip49
\algorithmicindent=\skip50
)
(/usr/share/texlive/texmf-dist/tex/latex/multirow/multirow.sty
\bigstrutjot=\dimen137
)
(/usr/share/texlive/texmf-dist/tex/latex/xcolor/xcolor.sty
Package: xcolor 2007/01/21 v2.11 LaTeX color extensions (UK)

(/usr/share/texlive/texmf-dist/tex/latex/latexconfig/color.cfg
File: color.cfg 2007/01/18 v1.5 color configuration of teTeX/TeXLive
)
Package xcolor Info: Driver file: pdftex.def on input line 225.
Package xcolor Info: Model `cmy' substituted by `cmy0' on input line 1337.
Package xcolor Info: Model `hsb' substituted by `rgb' on input line 1341.
Package xcolor Info: Model `RGB' extended on input line 1353.
Package xcolor Info: Model `HTML' substituted by `rgb' on input line 1355.
Package xcolor Info: Model `Hsb' substituted by `hsb' on input line 1356.
Package xcolor Info: Model `tHsb' substituted by `hsb' on input line 1357.
Package xcolor Info: Model `HSB' substituted by `hsb' on input line 1358.
Package xcolor Info: Model `Gray' substituted by `gray' on input line 1359.
Package xcolor Info: Model `wave' substituted by `hsb' on input line 1360.
)
(/usr/share/texlive/texmf-dist/tex/latex/tools/array.sty
Package: array 2014/10/28 v2.4c Tabular extension package (FMi)
\col@sep=\dimen138
\extrarowheight=\dimen139
\NC@list=\toks24
\extratabsurround=\skip51
\backup@length=\skip52
)
(/usr/share/texlive/texmf-dist/tex/latex/mdwtools/mdwmath.sty
Package: mdwmath 1996/04/11 1.1 Nice mathematical things
\sq@sqrt=\count114
LaTeX Info: Redefining \sqrt on input line 84.
)
(/usr/share/texlive/texmf-dist/tex/latex/mdwtools/mdwtab.sty
Package: mdwtab 1998/04/28 1.9 Table typesetting with style
\tab@state=\count115
\tab@columns=\count116
\tab@preamble=\toks25
\tab@shortline=\toks26
\extrarowheight=\dimen140
\tabextrasep=\dimen141
\arrayextrasep=\dimen142
\smarraycolsep=\dimen143
\smarrayextrasep=\dimen144
\tab@width=\dimen145
\col@sep=\dimen146
\tab@endheight=\dimen147
\tab@leftskip=\skip53
\tab@rightskip=\skip54
\fn@notes=\box32
\fn@width=\dimen148
)
(/usr/share/texlive/texmf-dist/tex/latex/subfigure/subfigure.sty
Package: subfigure 2002/03/15 v2.1.5 subfigure package
\subfigtopskip=\skip55
\subfigcapskip=\skip56
\subfigcaptopadj=\dimen149
\subfigbottomskip=\skip57
\subfigcapmargin=\dimen150
\subfiglabelskip=\skip58
\c@subfigure=\count117
\c@lofdepth=\count118
\c@subtable=\count119
\c@lotdepth=\count120

****************************************
* Local config file subfigure.cfg used *
****************************************
(/usr/share/texlive/texmf-dist/tex/latex/subfigure/subfigure.cfg)
\subfig@top=\skip59
\subfig@bottom=\skip60
)
(/usr/share/texlive/texmf-dist/tex/latex/subfloat/subfloat.sty
Package: subfloat 2003/08/21 version 2.14

Package `subfloat', Version 2.14 of 2003/08/21.

Package subfloat Warning: Numbers of floats not counted:
(subfloat)                If you use one of the counters subfloatfiguremax or
(subfloat)                subfloattablemax you will get strange error messages
(subfloat)                containing \c@subfloatfiguremax or
(subfloat)                \c@subfloattablemax:
(subfloat)                Please switch on countmax or remove the code using
(subfloat)                the counter then..

) (/usr/share/texlive/texmf-dist/tex/latex/caption/caption.sty
Package: caption 2016/02/21 v3.3-144 Customizing captions (AR)

(/usr/share/texlive/texmf-dist/tex/latex/caption/caption3.sty
Package: caption3 2016/02/04 v1.7-139 caption3 kernel (AR)
Package caption3 Info: TeX engine: e-TeX on input line 67.
\captionmargin=\dimen151
\captionmargin@=\dimen152
\captionwidth=\dimen153
\caption@tempdima=\dimen154
\caption@indent=\dimen155
\caption@parindent=\dimen156
\caption@hangindent=\dimen157
Package caption Info: Unknown document class (or package),
(caption)             standard defaults will be used.
)

Package caption Warning: Unsupported document class (or package) detected,
(caption)                usage of the caption package is not recommended.
See the caption package documentation for explanation.

Package caption Info: \@makecaption = \long macro:#1#2->\ifx \@captype \@IEEEta
blestring \footnotesize \bgroup \par \centering \@IEEEtabletopskipstrut {\norma
lfont \footnotesize #1}\\{\normalfont \footnotesize \scshape #2}\par \addvspace
 {0.5\baselineskip }\egroup \@IEEEtablecaptionsepspace \else \@IEEEfigurecaptio
nsepspace \setbox \@tempboxa \hbox {\normalfont \footnotesize {#1.}\nobreakspac
e \nobreakspace #2}\ifdim \wd \@tempboxa >\hsize \setbox \@tempboxa \hbox {\nor
malfont \footnotesize {#1.}\nobreakspace \nobreakspace }\parbox [t]{\hsize }{\n
ormalfont \footnotesize \noindent \unhbox \@tempboxa #2}\else \ifCLASSOPTIONcon
ference \hbox to\hsize {\normalfont \footnotesize \hfil \box \@tempboxa \hfil }
\else \hbox to\hsize {\normalfont \footnotesize \box \@tempboxa \hfil }\fi \fi 
\fi .
\c@ContinuedFloat=\count121
Package caption Info: float package is loaded.
Package caption Info: subfigure package is loaded.
)

LaTeX Warning: Unused global option(s):
    [compsocconf].

(./bare_conf1.aux)
\openout1 = `bare_conf1.aux'.

LaTeX Font Info:    Checking defaults for OML/cmm/m/it on input line 366.
LaTeX Font Info:    ... okay on input line 366.
LaTeX Font Info:    Checking defaults for T1/cmr/m/n on input line 366.
LaTeX Font Info:    ... okay on input line 366.
LaTeX Font Info:    Checking defaults for OT1/cmr/m/n on input line 366.
LaTeX Font Info:    ... okay on input line 366.
LaTeX Font Info:    Checking defaults for OMS/cmsy/m/n on input line 366.
LaTeX Font Info:    ... okay on input line 366.
LaTeX Font Info:    Checking defaults for OMX/cmex/m/n on input line 366.
LaTeX Font Info:    ... okay on input line 366.
LaTeX Font Info:    Checking defaults for U/cmr/m/n on input line 366.
LaTeX Font Info:    ... okay on input line 366.
LaTeX Font Info:    Font shape `T1/ptm/bx/n' in size <5> not available
(Font)              Font shape `T1/ptm/b/n' tried instead on input line 366.
LaTeX Font Info:    Font shape `T1/ptm/bx/it' in size <5> not available
(Font)              Font shape `T1/ptm/b/it' tried instead on input line 366.
LaTeX Font Info:    Font shape `T1/ptm/bx/n' in size <7> not available
(Font)              Font shape `T1/ptm/b/n' tried instead on input line 366.
LaTeX Font Info:    Font shape `T1/ptm/bx/it' in size <7> not available
(Font)              Font shape `T1/ptm/b/it' tried instead on input line 366.
LaTeX Font Info:    Font shape `T1/ptm/bx/n' in size <8> not available
(Font)              Font shape `T1/ptm/b/n' tried instead on input line 366.
LaTeX Font Info:    Font shape `T1/ptm/bx/it' in size <8> not available
(Font)              Font shape `T1/ptm/b/it' tried instead on input line 366.
LaTeX Font Info:    Font shape `T1/ptm/bx/n' in size <9> not available
(Font)              Font shape `T1/ptm/b/n' tried instead on input line 366.
LaTeX Font Info:    Font shape `T1/ptm/bx/it' in size <9> not available
(Font)              Font shape `T1/ptm/b/it' tried instead on input line 366.
LaTeX Font Info:    Font shape `T1/ptm/bx/n' in size <10> not available
(Font)              Font shape `T1/ptm/b/n' tried instead on input line 366.
LaTeX Font Info:    Font shape `T1/ptm/bx/it' in size <10> not available
(Font)              Font shape `T1/ptm/b/it' tried instead on input line 366.
LaTeX Font Info:    Font shape `T1/ptm/bx/n' in size <11> not available
(Font)              Font shape `T1/ptm/b/n' tried instead on input line 366.
LaTeX Font Info:    Font shape `T1/ptm/bx/it' in size <11> not available
(Font)              Font shape `T1/ptm/b/it' tried instead on input line 366.
LaTeX Font Info:    Font shape `T1/ptm/bx/n' in size <12> not available
(Font)              Font shape `T1/ptm/b/n' tried instead on input line 366.
LaTeX Font Info:    Font shape `T1/ptm/bx/it' in size <12> not available
(Font)              Font shape `T1/ptm/b/it' tried instead on input line 366.
LaTeX Font Info:    Font shape `T1/ptm/bx/n' in size <17> not available
(Font)              Font shape `T1/ptm/b/n' tried instead on input line 366.
LaTeX Font Info:    Font shape `T1/ptm/bx/it' in size <17> not available
(Font)              Font shape `T1/ptm/b/it' tried instead on input line 366.
LaTeX Font Info:    Font shape `T1/ptm/bx/n' in size <20> not available
(Font)              Font shape `T1/ptm/b/n' tried instead on input line 366.
LaTeX Font Info:    Font shape `T1/ptm/bx/it' in size <20> not available
(Font)              Font shape `T1/ptm/b/it' tried instead on input line 366.
LaTeX Font Info:    Font shape `T1/ptm/bx/n' in size <24> not available
(Font)              Font shape `T1/ptm/b/n' tried instead on input line 366.
LaTeX Font Info:    Font shape `T1/ptm/bx/it' in size <24> not available
(Font)              Font shape `T1/ptm/b/it' tried instead on input line 366.

-- Lines per column: 56 (exact).
(/usr/share/texlive/texmf-dist/tex/context/base/supp-pdf.mkii
[Loading MPS to PDF converter (version 2006.09.02).]
\scratchcounter=\count122
\scratchdimen=\dimen158
\scratchbox=\box33
\nofMPsegments=\count123
\nofMParguments=\count124
\everyMPshowfont=\toks27
\MPscratchCnt=\count125
\MPscratchDim=\dimen159
\MPnumerator=\count126
\makeMPintoPDFobject=\count127
\everyMPtoPDFconversion=\toks28
) (/usr/share/texlive/texmf-dist/tex/generic/oberdiek/pdftexcmds.sty
Package: pdftexcmds 2011/11/29 v0.20 Utility functions of pdfTeX for LuaTeX (HO
)

(/usr/share/texlive/texmf-dist/tex/generic/oberdiek/ifluatex.sty
Package: ifluatex 2010/03/01 v1.3 Provides the ifluatex switch (HO)
Package ifluatex Info: LuaTeX not detected.
)
Package pdftexcmds Info: LuaTeX not detected.
Package pdftexcmds Info: \pdf@primitive is available.
Package pdftexcmds Info: \pdf@ifprimitive is available.
Package pdftexcmds Info: \pdfdraftmode found.
)
(/usr/share/texlive/texmf-dist/tex/latex/oberdiek/epstopdf-base.sty
Package: epstopdf-base 2010/02/09 v2.5 Base part for package epstopdf

(/usr/share/texlive/texmf-dist/tex/latex/oberdiek/grfext.sty
Package: grfext 2010/08/19 v1.1 Manage graphics extensions (HO)

(/usr/share/texlive/texmf-dist/tex/generic/oberdiek/kvdefinekeys.sty
Package: kvdefinekeys 2011/04/07 v1.3 Define keys (HO)
))
(/usr/share/texlive/texmf-dist/tex/latex/oberdiek/kvoptions.sty
Package: kvoptions 2011/06/30 v3.11 Key value format for package options (HO)

(/usr/share/texlive/texmf-dist/tex/generic/oberdiek/kvsetkeys.sty
Package: kvsetkeys 2012/04/25 v1.16 Key value parser (HO)

(/usr/share/texlive/texmf-dist/tex/generic/oberdiek/etexcmds.sty
Package: etexcmds 2011/02/16 v1.5 Avoid name clashes with e-TeX commands (HO)
Package etexcmds Info: Could not find \expanded.
(etexcmds)             That can mean that you are not using pdfTeX 1.50 or
(etexcmds)             that some package has redefined \expanded.
(etexcmds)             In the latter case, load this package earlier.
)))
Package grfext Info: Graphics extension search list:
(grfext)             [.png,.pdf,.jpg,.mps,.jpeg,.jbig2,.jb2,.PNG,.PDF,.JPG,.JPE
G,.JBIG2,.JB2,.eps]
(grfext)             \AppendGraphicsExtensions on input line 452.

(/usr/share/texlive/texmf-dist/tex/latex/latexconfig/epstopdf-sys.cfg
File: epstopdf-sys.cfg 2010/07/13 v1.3 Configuration of (r)epstopdf for TeX Liv
e
))
Package caption Info: Begin \AtBeginDocument code.
Package caption Info: End \AtBeginDocument code.
LaTeX Font Info:    External font `cmex10' loaded for size
(Font)              <8> on input line 462.
LaTeX Font Info:    External font `cmex10' loaded for size
(Font)              <6> on input line 462.
LaTeX Font Info:    External font `cmex10' loaded for size
(Font)              <5> on input line 462.

Overfull \hbox (2.32579pt too wide) in paragraph at lines 462--468
 [][] 
 []

<image/mushroomSummary.png, id=1, 614.295pt x 436.63126pt>
File: image/mushroomSummary.png Graphic file (type png)

<use image/mushroomSummary.png>
Package pdftex.def Info: image/mushroomSummary.png used on input line 494.
(pdftex.def)             Requested size: 245.71364pt x 174.6494pt.

Underfull \hbox (badness 5274) in paragraph at lines 490--498
\T1/ptm/m/n/10 some of the killing fea-tures 'habitat','population','gill-
 []


Underfull \hbox (badness 10000) in paragraph at lines 490--498
\T1/ptm/m/n/10 color','spore-print-color','odor','gill-size','stalk-root','gill
-
 []

[1{/var/lib/texmf/fonts/map/pdftex/updmap/pdftex.map}


]
<image/mushroomFullFeature_important.png, id=12, 499.8675pt x 270.00874pt>
File: image/mushroomFullFeature_important.png Graphic file (type png)

<use image/mushroomFullFeature_important.png>
Package pdftex.def Info: image/mushroomFullFeature_important.png used on input 
line 500.
(pdftex.def)             Requested size: 199.94345pt x 108.00157pt.

<image/odor.png, id=13, 403.5075pt x 270.00874pt>
File: image/odor.png Graphic file (type png)
 <use image/odor.png>
Package pdftex.def Info: image/odor.png used on input line 508.
(pdftex.def)             Requested size: 113.81102pt x 76.15813pt.

<image/bruises.png, id=14, 403.5075pt x 270.00874pt>
File: image/bruises.png Graphic file (type png)
 <use image/bruises.png>
Package pdftex.def Info: image/bruises.png used on input line 510.
(pdftex.def)             Requested size: 113.81102pt x 76.15813pt.

<image/cap-surface.png, id=15, 403.5075pt x 270.00874pt>
File: image/cap-surface.png Graphic file (type png)

<use image/cap-surface.png>
Package pdftex.def Info: image/cap-surface.png used on input line 520.
(pdftex.def)             Requested size: 113.81102pt x 76.15813pt.

<image/veil-type.png, id=16, 403.5075pt x 270.00874pt>
File: image/veil-type.png Graphic file (type png)

<use image/veil-type.png>
Package pdftex.def Info: image/veil-type.png used on input line 522.
(pdftex.def)             Requested size: 113.81102pt x 76.15813pt.


LaTeX Warning: `h' float specifier changed to `ht'.

<image/bankSummary.png, id=17, 622.325pt x 360.34625pt>
File: image/bankSummary.png Graphic file (type png)

<use image/bankSummary.png>
Package pdftex.def Info: image/bankSummary.png used on input line 535.
(pdftex.def)             Requested size: 248.92558pt x 144.13594pt.
 <image/job.png, id=18, 390.45876pt x 320.19624pt>
File: image/job.png Graphic file (type png)

<use image/job.png>
Package pdftex.def Info: image/job.png used on input line 542.
(pdftex.def)             Requested size: 113.81102pt x 93.32845pt.
 <image/mounth.png, id=19, 390.45876pt x 262.9825pt>
File: image/mounth.png Graphic file (type png)

<use image/mounth.png>
Package pdftex.def Info: image/mounth.png used on input line 544.
(pdftex.def)             Requested size: 113.81102pt x 76.6522pt.
 <image/age.png, id=20, 379.4175pt x 262.9825pt>
File: image/age.png Graphic file (type png)

<use image/age.png>
Package pdftex.def Info: image/age.png used on input line 554.
(pdftex.def)             Requested size: 113.81102pt x 78.88332pt.
 <image/duration.png, id=21, 392.46625pt x 262.9825pt>
File: image/duration.png Graphic file (type png)

<use image/duration.png>
Package pdftex.def Info: image/duration.png used on input line 556.
(pdftex.def)             Requested size: 113.81102pt x 76.25894pt.
 [2 <./image/mushroomSummary.png> <./image/mushroomFullFeature_important.png> <
./image/odor.png> <./image/bruises.png> <./image/cap-surface.png> <./image/veil
-type.png> <./image/bankSummary.png> <./image/job.png> <./image/mounth.png> <./
image/age.png> <./image/duration.png>]
<image/decMushRoomImportant.png, id=36, 499.8675pt x 270.00874pt>
File: image/decMushRoomImportant.png Graphic file (type png)

<use image/decMushRoomImportant.png>
Package pdftex.def Info: image/decMushRoomImportant.png used on input line 578.

(pdftex.def)             Requested size: 199.94345pt x 108.00157pt.

<image/decisionTree.png, id=37, 676.5275pt x 361.35pt>
File: image/decisionTree.png Graphic file (type png)

<use image/decisionTree.png>
Package pdftex.def Info: image/decisionTree.png used on input line 585.
(pdftex.def)             Requested size: 236.78816pt x 126.4744pt.


LaTeX Warning: `h' float specifier changed to `ht'.

<image/decisionLearning.png, id=38, 904.37875pt x 324.21124pt>
File: image/decisionLearning.png Graphic file (type png)

<use image/decisionLearning.png>
Package pdftex.def Info: image/decisionLearning.png used on input line 594.
(pdftex.def)             Requested size: 253.22432pt x 90.77852pt.

Overfull \hbox (1.22432pt too wide) in paragraph at lines 594--595
 [][] 
 []

<image/DTheatMap_mushroom.png, id=39, 581.17125pt x 611.28375pt>
File: image/DTheatMap_mushroom.png Graphic file (type png)

<use image/DTheatMap_mushroom.png>
Package pdftex.def Info: image/DTheatMap_mushroom.png used on input line 601.
(pdftex.def)             Requested size: 162.72684pt x 171.15828pt.

<image/DT_MushRoom_crossValidation.png, id=40, 492.84125pt x 283.0575pt>
File: image/DT_MushRoom_crossValidation.png Graphic file (type png)

<use image/DT_MushRoom_crossValidation.png>
Package pdftex.def Info: image/DT_MushRoom_crossValidation.png used on input li
ne 608.
(pdftex.def)             Requested size: 246.42001pt x 141.5284pt.


LaTeX Warning: `h' float specifier changed to `ht'.

[3 <./image/decMushRoomImportant.png> <./image/decisionTree.png> <./image/decis
ionLearning.png> <./image/DTheatMap_mushroom.png>]
<image/bank_important.png, id=47, 423.5825pt x 265.99374pt>
File: image/bank_important.png Graphic file (type png)

<use image/bank_important.png>
Package pdftex.def Info: image/bank_important.png used on input line 619.
(pdftex.def)             Requested size: 211.79073pt x 132.99654pt.

<image/bank_dt_tree.png, id=48, 674.52pt x 378.41376pt>
File: image/bank_dt_tree.png Graphic file (type png)

<use image/bank_dt_tree.png>
Package pdftex.def Info: image/bank_dt_tree.png used on input line 626.
(pdftex.def)             Requested size: 202.35756pt x 113.525pt.

<image/bank_dt_learning.png, id=49, 894.34125pt x 321.2pt>
File: image/bank_dt_learning.png Graphic file (type png)

<use image/bank_dt_learning.png>
Package pdftex.def Info: image/bank_dt_learning.png used on input line 634.
(pdftex.def)             Requested size: 178.86508pt x 64.23886pt.


LaTeX Warning: `h' float specifier changed to `ht'.

<image/bank_dt_heat.png, id=50, 587.19376pt x 611.28375pt>
File: image/bank_dt_heat.png Graphic file (type png)

<use image/bank_dt_heat.png>
Package pdftex.def Info: image/bank_dt_heat.png used on input line 641.
(pdftex.def)             Requested size: 234.87334pt x 244.50917pt.

<image/Bank_dt_cv.png, id=51, 492.84125pt x 283.0575pt>
File: image/Bank_dt_cv.png Graphic file (type png)

<use image/Bank_dt_cv.png>
Package pdftex.def Info: image/Bank_dt_cv.png used on input line 649.
(pdftex.def)             Requested size: 246.42001pt x 141.5284pt.
 [4 <./image/DT_MushRoom_crossValidation.png> <./image/bank_important.png> <./i
mage/bank_dt_tree.png> <./image/bank_dt_learning.png> <./image/bank_dt_heat.png
>]
<image/abd_feature_important.png, id=59, 499.8675pt x 270.00874pt>
File: image/abd_feature_important.png Graphic file (type png)

<use image/abd_feature_important.png>
Package pdftex.def Info: image/abd_feature_important.png used on input line 663
.
(pdftex.def)             Requested size: 249.93314pt x 135.00403pt.

<image/mush_abd_learning.png, id=60, 904.37875pt x 324.21124pt>
File: image/mush_abd_learning.png Graphic file (type png)

<use image/mush_abd_learning.png>
Package pdftex.def Info: image/mush_abd_learning.png used on input line 670.
(pdftex.def)             Requested size: 271.31572pt x 97.26411pt.

Overfull \hbox (19.31572pt too wide) in paragraph at lines 670--671
 [][] 
 []


LaTeX Warning: `h' float specifier changed to `ht'.


LaTeX Warning: `h' float specifier changed to `ht'.

<image/mush_abd_heat.png, id=61, 587.19376pt x 611.28375pt>
File: image/mush_abd_heat.png Graphic file (type png)

<use image/mush_abd_heat.png>
Package pdftex.def Info: image/mush_abd_heat.png used on input line 677.
(pdftex.def)             Requested size: 176.15948pt x 183.38654pt.


LaTeX Warning: `h' float specifier changed to `ht'.

<image/bank_abd_important.png, id=62, 423.5825pt x 265.99374pt>
File: image/bank_abd_important.png Graphic file (type png)

<use image/bank_abd_important.png>
Package pdftex.def Info: image/bank_abd_important.png used on input line 688.
(pdftex.def)             Requested size: 211.79073pt x 132.99654pt.


LaTeX Warning: `h' float specifier changed to `ht'.

<image/bank_abd_learning.png, id=63, 894.34125pt x 321.2pt>
File: image/bank_abd_learning.png Graphic file (type png)

<use image/bank_abd_learning.png>
Package pdftex.def Info: image/bank_abd_learning.png used on input line 697.
(pdftex.def)             Requested size: 223.58476pt x 80.2998pt.


LaTeX Warning: `h' float specifier changed to `ht'.

<image/bank_abd_heat.png, id=64, 587.19376pt x 611.28375pt>
File: image/bank_abd_heat.png Graphic file (type png)

<use image/bank_abd_heat.png>
Package pdftex.def Info: image/bank_abd_heat.png used on input line 706.
(pdftex.def)             Requested size: 176.15948pt x 183.38654pt.


LaTeX Warning: `h' float specifier changed to `ht'.

<image/bank_abd_cross_est.png, id=65, 454.69875pt x 283.0575pt>
File: image/bank_abd_cross_est.png Graphic file (type png)

<use image/bank_abd_cross_est.png>
Package pdftex.def Info: image/bank_abd_cross_est.png used on input line 715.
(pdftex.def)             Requested size: 227.34882pt x 141.5284pt.


LaTeX Warning: `h' float specifier changed to `ht'.

[5 <./image/Bank_dt_cv.png> <./image/abd_feature_important.png> <./image/mush_a
bd_learning.png>]
<image/bank_abd_cross_rate.png, id=72, 429.605pt x 283.0575pt>
File: image/bank_abd_cross_rate.png Graphic file (type png)

<use image/bank_abd_cross_rate.png>
Package pdftex.def Info: image/bank_abd_cross_rate.png used on input line 724.
(pdftex.def)             Requested size: 214.80197pt x 141.5284pt.


LaTeX Warning: `h' float specifier changed to `ht'.

<image/mush_nn_learning.png, id=73, 904.37875pt x 324.21124pt>
File: image/mush_nn_learning.png Graphic file (type png)

<use image/mush_nn_learning.png>
Package pdftex.def Info: image/mush_nn_learning.png used on input line 740.
(pdftex.def)             Requested size: 226.09413pt x 81.05261pt.


LaTeX Warning: `h' float specifier changed to `ht'.

<image/mush_nn_learning_rate.png, id=74, 423.5825pt x 283.0575pt>
File: image/mush_nn_learning_rate.png Graphic file (type png)

<use image/mush_nn_learning_rate.png>
Package pdftex.def Info: image/mush_nn_learning_rate.png used on input line 749
.
(pdftex.def)             Requested size: 211.79073pt x 141.5284pt.


LaTeX Warning: `h' float specifier changed to `ht'.

<image/mush_nn_maxiteration.png, id=75, 426.59375pt x 283.0575pt>
File: image/mush_nn_maxiteration.png Graphic file (type png)

<use image/mush_nn_maxiteration.png>
Package pdftex.def Info: image/mush_nn_maxiteration.png used on input line 757.

(pdftex.def)             Requested size: 213.29634pt x 141.5284pt.
 [6 <./image/mush_abd_heat.png> <./image/bank_abd_important.png> <./image/bank_
abd_learning.png> <./image/bank_abd_heat.png>]

LaTeX Warning: `h' float specifier changed to `ht'.

<image/mush_nn_layerSize.png, id=83, 444.66125pt x 283.0575pt>
File: image/mush_nn_layerSize.png Graphic file (type png)

<use image/mush_nn_layerSize.png>
Package pdftex.def Info: image/mush_nn_layerSize.png used on input line 766.
(pdftex.def)             Requested size: 222.33008pt x 141.5284pt.


LaTeX Warning: `h' float specifier changed to `ht'.

<image/bank_nn_learning.png, id=84, 894.34125pt x 321.2pt>
File: image/bank_nn_learning.png Graphic file (type png)

<use image/bank_nn_learning.png>
Package pdftex.def Info: image/bank_nn_learning.png used on input line 775.
(pdftex.def)             Requested size: 223.58476pt x 80.2998pt.


LaTeX Warning: `h' float specifier changed to `ht'.

<image/bank_nn_learning_rate.png, id=85, 429.605pt x 283.0575pt>
File: image/bank_nn_learning_rate.png Graphic file (type png)

<use image/bank_nn_learning_rate.png>
Package pdftex.def Info: image/bank_nn_learning_rate.png used on input line 784
.
(pdftex.def)             Requested size: 214.80197pt x 141.5284pt.


LaTeX Warning: `h' float specifier changed to `ht'.

<image/bank_nn_layersize.png, id=86, 450.68375pt x 283.0575pt>
File: image/bank_nn_layersize.png Graphic file (type png)

<use image/bank_nn_layersize.png>
Package pdftex.def Info: image/bank_nn_layersize.png used on input line 793.
(pdftex.def)             Requested size: 225.34131pt x 141.5284pt.


LaTeX Warning: `h' float specifier changed to `ht'.

[7 <./image/bank_abd_cross_est.png> <./image/bank_abd_cross_rate.png> <./image/
mush_nn_learning.png> <./image/mush_nn_learning_rate.png>]
<image/mush_svm_learning_rbf.png, id=95, 904.37875pt x 338.26375pt>
File: image/mush_svm_learning_rbf.png Graphic file (type png)

<use image/mush_svm_learning_rbf.png>
Package pdftex.def Info: image/mush_svm_learning_rbf.png used on input line 809
.
(pdftex.def)             Requested size: 226.09413pt x 84.56572pt.


LaTeX Warning: `h' float specifier changed to `ht'.

<image/mush_svm_learning_pol.png, id=96, 904.37875pt x 338.26375pt>
File: image/mush_svm_learning_pol.png Graphic file (type png)

<use image/mush_svm_learning_pol.png>
Package pdftex.def Info: image/mush_svm_learning_pol.png used on input line 816
.
(pdftex.def)             Requested size: 226.09413pt x 84.56572pt.


LaTeX Warning: `h' float specifier changed to `ht'.

<image/mush_svm_polynomial.png, id=97, 910.40125pt x 324.21124pt>
File: image/mush_svm_polynomial.png Graphic file (type png)

<use image/mush_svm_polynomial.png>
Package pdftex.def Info: image/mush_svm_polynomial.png used on input line 825.
(pdftex.def)             Requested size: 227.59975pt x 81.05261pt.


LaTeX Warning: `h' float specifier changed to `ht'.


Underfull \vbox (badness 10000) has occurred while \output is active []

 [8 <./image/mush_nn_maxiteration.png> <./image/mush_nn_layerSize.png> <./image
/bank_nn_learning.png> <./image/bank_nn_learning_rate.png>]
<image/mushroom_knn_learning.png, id=105, 904.37875pt x 324.21124pt>
File: image/mushroom_knn_learning.png Graphic file (type png)

<use image/mushroom_knn_learning.png>
Package pdftex.def Info: image/mushroom_knn_learning.png used on input line 847
.
(pdftex.def)             Requested size: 226.09413pt x 81.05261pt.


LaTeX Warning: `h' float specifier changed to `ht'.

<image/mushroom_knn_K.png, id=106, 406.51875pt x 283.0575pt>
File: image/mushroom_knn_K.png Graphic file (type png)

<use image/mushroom_knn_K.png>
Package pdftex.def Info: image/mushroom_knn_K.png used on input line 856.
(pdftex.def)             Requested size: 203.25887pt x 141.5284pt.


LaTeX Warning: `h' float specifier changed to `ht'.

<image/bank_knn_learning.png, id=107, 894.34125pt x 321.2pt>
File: image/bank_knn_learning.png Graphic file (type png)

<use image/bank_knn_learning.png>
Package pdftex.def Info: image/bank_knn_learning.png used on input line 867.
(pdftex.def)             Requested size: 223.58476pt x 80.2998pt.


LaTeX Warning: `h' float specifier changed to `ht'.

<image/bank_knn_learning_k.png, id=108, 406.51875pt x 283.0575pt>
File: image/bank_knn_learning_k.png Graphic file (type png)

<use image/bank_knn_learning_k.png>
Package pdftex.def Info: image/bank_knn_learning_k.png used on input line 876.
(pdftex.def)             Requested size: 203.25887pt x 141.5284pt.


LaTeX Warning: `h' float specifier changed to `ht'.

[9 <./image/bank_nn_layersize.png> <./image/mush_svm_learning_rbf.png> <./image
/mush_svm_learning_pol.png> <./image/mush_svm_polynomial.png>]
Underfull \hbox (badness 10000) in paragraph at lines 918--919

 []

(./bare_conf1.bbl
Underfull \hbox (badness 10000) in paragraph at lines 43--46
[]\T1/ptm/m/n/8 ``adaboost,'' $http : / / scikit-[]learn . org / stable / modul
es / generated / sklearn .
 []


Underfull \hbox (badness 10000) in paragraph at lines 48--51
[]\T1/ptm/m/n/8 ``Neural net-work,'' $https : / / www . solver . com / xlminer 
/ help /
 []


Underfull \hbox (badness 10000) in paragraph at lines 53--56
[]\T1/ptm/m/n/8 ``Nearest neigh-bors,'' $http : / / scikit-[]learn . org / stab
le / modules / neighbors .
 []

)

** Conference Paper **
Before submitting the final camera ready copy, remember to:

 1. Manually equalize the lengths of two columns on the last page
 of your paper;

 2. Ensure that any PostScript and/or PDF output post-processing
 uses only Type 1 fonts and that every step in the generation
 process uses the appropriate paper size.

[10 <./image/mushroom_knn_learning.png> <./image/mushroom_knn_K.png> <./image/b
ank_knn_learning.png> <./image/bank_knn_learning_k.png>] (./bare_conf1.aux) ) 
Here is how much of TeX's memory you used:
 6263 strings out of 493029
 94941 string characters out of 6136235
 174389 words of memory out of 5000000
 9661 multiletter control sequences out of 15000+600000
 107794 words of font info for 110 fonts, out of 8000000 for 9000
 1144 hyphenation exceptions out of 8191
 38i,9n,39p,1043b,305s stack positions out of 5000i,500n,10000p,200000b,80000s
{/
usr/share/texlive/texmf-dist/fonts/enc/dvips/base/8r.enc}</usr/share/texlive/te
xmf-dist/fonts/type1/urw/times/utmb8a.pfb></usr/share/texlive/texmf-dist/fonts/
type1/urw/times/utmbi8a.pfb></usr/share/texlive/texmf-dist/fonts/type1/urw/time
s/utmr8a.pfb></usr/share/texlive/texmf-dist/fonts/type1/urw/times/utmri8a.pfb>
Output written on bare_conf1.pdf (10 pages, 1240706 bytes).
PDF statistics:
 139 PDF objects out of 1000 (max. 8388607)
 38 compressed objects within 1 object stream
 0 named destinations out of 1000 (max. 500000)
 216 words of extra memory for PDF output out of 10000 (max. 10000000)

